Start testing: Aug 13 15:36 EDT
----------------------------------------------------------
1/4 Testing: CfgHelpersTest.ChecksTerminals
1/4 Test: CfgHelpersTest.ChecksTerminals
Command: "/home/willy/repos/cfg-parser/build/tests/cfgparser_tests" "--gtest_filter=CfgHelpersTest.ChecksTerminals" "--gtest_also_run_disabled_tests"
Directory: /home/willy/repos/cfg-parser/build/tests
"CfgHelpersTest.ChecksTerminals" start time: Aug 13 15:36 EDT
Output:
----------------------------------------------------------
Running main() from /home/willy/repos/cfg-parser/build/_deps/googletest-src/googletest/src/gtest_main.cc
Note: Google Test filter = CfgHelpersTest.ChecksTerminals
[==========] Running 1 test from 1 test suite.
[----------] Global test environment set-up.
[----------] 1 test from CfgHelpersTest
[ RUN      ] CfgHelpersTest.ChecksTerminals
[       OK ] CfgHelpersTest.ChecksTerminals (0 ms)
[----------] 1 test from CfgHelpersTest (0 ms total)

[----------] Global test environment tear-down
[==========] 1 test from 1 test suite ran. (0 ms total)
[  PASSED  ] 1 test.
<end of output>
Test time =   0.01 sec
----------------------------------------------------------
Test Passed.
"CfgHelpersTest.ChecksTerminals" end time: Aug 13 15:36 EDT
"CfgHelpersTest.ChecksTerminals" time elapsed: 00:00:00
----------------------------------------------------------

2/4 Testing: CfgHelpersTest.ChecksNonterminals
2/4 Test: CfgHelpersTest.ChecksNonterminals
Command: "/home/willy/repos/cfg-parser/build/tests/cfgparser_tests" "--gtest_filter=CfgHelpersTest.ChecksNonterminals" "--gtest_also_run_disabled_tests"
Directory: /home/willy/repos/cfg-parser/build/tests
"CfgHelpersTest.ChecksNonterminals" start time: Aug 13 15:36 EDT
Output:
----------------------------------------------------------
Running main() from /home/willy/repos/cfg-parser/build/_deps/googletest-src/googletest/src/gtest_main.cc
Note: Google Test filter = CfgHelpersTest.ChecksNonterminals
[==========] Running 1 test from 1 test suite.
[----------] Global test environment set-up.
[----------] 1 test from CfgHelpersTest
[ RUN      ] CfgHelpersTest.ChecksNonterminals
[       OK ] CfgHelpersTest.ChecksNonterminals (0 ms)
[----------] 1 test from CfgHelpersTest (0 ms total)

[----------] Global test environment tear-down
[==========] 1 test from 1 test suite ran. (0 ms total)
[  PASSED  ] 1 test.
<end of output>
Test time =   0.00 sec
----------------------------------------------------------
Test Passed.
"CfgHelpersTest.ChecksNonterminals" end time: Aug 13 15:36 EDT
"CfgHelpersTest.ChecksNonterminals" time elapsed: 00:00:00
----------------------------------------------------------

3/4 Testing: CfgHelpersTest.GetsTerminals
3/4 Test: CfgHelpersTest.GetsTerminals
Command: "/home/willy/repos/cfg-parser/build/tests/cfgparser_tests" "--gtest_filter=CfgHelpersTest.GetsTerminals" "--gtest_also_run_disabled_tests"
Directory: /home/willy/repos/cfg-parser/build/tests
"CfgHelpersTest.GetsTerminals" start time: Aug 13 15:36 EDT
Output:
----------------------------------------------------------
Running main() from /home/willy/repos/cfg-parser/build/_deps/googletest-src/googletest/src/gtest_main.cc
Note: Google Test filter = CfgHelpersTest.GetsTerminals
[==========] Running 1 test from 1 test suite.
[----------] Global test environment set-up.
[----------] 1 test from CfgHelpersTest
[ RUN      ] CfgHelpersTest.GetsTerminals
[       OK ] CfgHelpersTest.GetsTerminals (0 ms)
[----------] 1 test from CfgHelpersTest (0 ms total)

[----------] Global test environment tear-down
[==========] 1 test from 1 test suite ran. (0 ms total)
[  PASSED  ] 1 test.
<end of output>
Test time =   0.00 sec
----------------------------------------------------------
Test Passed.
"CfgHelpersTest.GetsTerminals" end time: Aug 13 15:36 EDT
"CfgHelpersTest.GetsTerminals" time elapsed: 00:00:00
----------------------------------------------------------

4/4 Testing: CfgHelpersTest.GetsNonterminals
4/4 Test: CfgHelpersTest.GetsNonterminals
Command: "/home/willy/repos/cfg-parser/build/tests/cfgparser_tests" "--gtest_filter=CfgHelpersTest.GetsNonterminals" "--gtest_also_run_disabled_tests"
Directory: /home/willy/repos/cfg-parser/build/tests
"CfgHelpersTest.GetsNonterminals" start time: Aug 13 15:36 EDT
Output:
----------------------------------------------------------
Running main() from /home/willy/repos/cfg-parser/build/_deps/googletest-src/googletest/src/gtest_main.cc
Note: Google Test filter = CfgHelpersTest.GetsNonterminals
[==========] Running 1 test from 1 test suite.
[----------] Global test environment set-up.
[----------] 1 test from CfgHelpersTest
[ RUN      ] CfgHelpersTest.GetsNonterminals
[       OK ] CfgHelpersTest.GetsNonterminals (0 ms)
[----------] 1 test from CfgHelpersTest (0 ms total)

[----------] Global test environment tear-down
[==========] 1 test from 1 test suite ran. (0 ms total)
[  PASSED  ] 1 test.
<end of output>
Test time =   0.00 sec
----------------------------------------------------------
Test Passed.
"CfgHelpersTest.GetsNonterminals" end time: Aug 13 15:36 EDT
"CfgHelpersTest.GetsNonterminals" time elapsed: 00:00:00
----------------------------------------------------------

End testing: Aug 13 15:36 EDT
